mode: set
git.garena.com/sea-labs-id/batch-05/adithya-kurniawan/final-project/house-booking-be/utils/utils.go:15.46,19.2 2 1
git.garena.com/sea-labs-id/batch-05/adithya-kurniawan/final-project/house-booking-be/utils/utils.go:21.62,24.2 2 1
git.garena.com/sea-labs-id/batch-05/adithya-kurniawan/final-project/house-booking-be/utils/utils.go:26.65,38.42 2 1
git.garena.com/sea-labs-id/batch-05/adithya-kurniawan/final-project/house-booking-be/utils/utils.go:44.2,51.20 4 1
git.garena.com/sea-labs-id/batch-05/adithya-kurniawan/final-project/house-booking-be/utils/utils.go:38.42,39.26 1 1
git.garena.com/sea-labs-id/batch-05/adithya-kurniawan/final-project/house-booking-be/utils/utils.go:39.26,41.4 1 1
git.garena.com/sea-labs-id/batch-05/adithya-kurniawan/final-project/house-booking-be/utils/utils.go:54.38,58.2 3 0
git.garena.com/sea-labs-id/batch-05/adithya-kurniawan/final-project/house-booking-be/usecase/reservation.go:23.72,27.2 1 1
git.garena.com/sea-labs-id/batch-05/adithya-kurniawan/final-project/house-booking-be/usecase/reservation.go:29.103,31.2 1 1
git.garena.com/sea-labs-id/batch-05/adithya-kurniawan/final-project/house-booking-be/usecase/reservation.go:33.134,35.2 1 1
git.garena.com/sea-labs-id/batch-05/adithya-kurniawan/final-project/house-booking-be/usecase/reservation.go:37.91,39.2 1 1
git.garena.com/sea-labs-id/batch-05/adithya-kurniawan/final-project/house-booking-be/usecase/transaction.go:22.72,26.2 1 1
git.garena.com/sea-labs-id/batch-05/adithya-kurniawan/final-project/house-booking-be/usecase/transaction.go:28.132,30.2 1 1
git.garena.com/sea-labs-id/batch-05/adithya-kurniawan/final-project/house-booking-be/usecase/transaction.go:32.104,34.2 1 1
git.garena.com/sea-labs-id/batch-05/adithya-kurniawan/final-project/house-booking-be/usecase/user.go:29.51,33.2 1 1
git.garena.com/sea-labs-id/batch-05/adithya-kurniawan/final-project/house-booking-be/usecase/user.go:35.84,38.17 2 1
git.garena.com/sea-labs-id/batch-05/adithya-kurniawan/final-project/house-booking-be/usecase/user.go:42.2,43.14 2 1
git.garena.com/sea-labs-id/batch-05/adithya-kurniawan/final-project/house-booking-be/usecase/user.go:48.2,48.39 1 1
git.garena.com/sea-labs-id/batch-05/adithya-kurniawan/final-project/house-booking-be/usecase/user.go:38.17,40.3 1 1
git.garena.com/sea-labs-id/batch-05/adithya-kurniawan/final-project/house-booking-be/usecase/user.go:43.14,46.3 2 1
git.garena.com/sea-labs-id/batch-05/adithya-kurniawan/final-project/house-booking-be/usecase/user.go:51.75,58.17 4 1
git.garena.com/sea-labs-id/batch-05/adithya-kurniawan/final-project/house-booking-be/usecase/user.go:62.2,64.20 2 1
git.garena.com/sea-labs-id/batch-05/adithya-kurniawan/final-project/house-booking-be/usecase/user.go:58.17,60.3 1 1
git.garena.com/sea-labs-id/batch-05/adithya-kurniawan/final-project/house-booking-be/usecase/user.go:67.55,69.2 1 1
git.garena.com/sea-labs-id/batch-05/adithya-kurniawan/final-project/house-booking-be/usecase/user.go:71.75,74.17 2 1
git.garena.com/sea-labs-id/batch-05/adithya-kurniawan/final-project/house-booking-be/usecase/user.go:78.2,78.20 1 1
git.garena.com/sea-labs-id/batch-05/adithya-kurniawan/final-project/house-booking-be/usecase/user.go:74.17,76.3 1 1
git.garena.com/sea-labs-id/batch-05/adithya-kurniawan/final-project/house-booking-be/usecase/user.go:81.75,83.2 1 1
git.garena.com/sea-labs-id/batch-05/adithya-kurniawan/final-project/house-booking-be/usecase/user.go:85.58,87.2 1 1
git.garena.com/sea-labs-id/batch-05/adithya-kurniawan/final-project/house-booking-be/usecase/user.go:89.53,91.2 1 1
git.garena.com/sea-labs-id/batch-05/adithya-kurniawan/final-project/house-booking-be/usecase/admin.go:24.54,28.2 1 1
git.garena.com/sea-labs-id/batch-05/adithya-kurniawan/final-project/house-booking-be/usecase/admin.go:30.87,32.16 2 1
git.garena.com/sea-labs-id/batch-05/adithya-kurniawan/final-project/house-booking-be/usecase/admin.go:36.2,37.13 2 1
git.garena.com/sea-labs-id/batch-05/adithya-kurniawan/final-project/house-booking-be/usecase/admin.go:47.2,47.39 1 1
git.garena.com/sea-labs-id/batch-05/adithya-kurniawan/final-project/house-booking-be/usecase/admin.go:32.16,34.3 1 1
git.garena.com/sea-labs-id/batch-05/adithya-kurniawan/final-project/house-booking-be/usecase/admin.go:37.13,45.3 3 1
git.garena.com/sea-labs-id/batch-05/adithya-kurniawan/final-project/house-booking-be/usecase/admin.go:50.79,56.16 4 1
git.garena.com/sea-labs-id/batch-05/adithya-kurniawan/final-project/house-booking-be/usecase/admin.go:60.2,60.20 1 1
git.garena.com/sea-labs-id/batch-05/adithya-kurniawan/final-project/house-booking-be/usecase/admin.go:56.16,58.3 1 1
git.garena.com/sea-labs-id/batch-05/adithya-kurniawan/final-project/house-booking-be/usecase/house.go:29.54,33.2 1 1
git.garena.com/sea-labs-id/batch-05/adithya-kurniawan/final-project/house-booking-be/usecase/house.go:35.73,37.2 1 1
git.garena.com/sea-labs-id/batch-05/adithya-kurniawan/final-project/house-booking-be/usecase/house.go:39.66,41.2 1 1
git.garena.com/sea-labs-id/batch-05/adithya-kurniawan/final-project/house-booking-be/usecase/house.go:43.133,45.2 1 1
git.garena.com/sea-labs-id/batch-05/adithya-kurniawan/final-project/house-booking-be/usecase/house.go:47.135,49.2 1 1
git.garena.com/sea-labs-id/batch-05/adithya-kurniawan/final-project/house-booking-be/usecase/house.go:51.113,53.2 1 1
git.garena.com/sea-labs-id/batch-05/adithya-kurniawan/final-project/house-booking-be/usecase/house.go:55.93,57.2 1 1
git.garena.com/sea-labs-id/batch-05/adithya-kurniawan/final-project/house-booking-be/usecase/house.go:59.86,61.2 1 1
git.garena.com/sea-labs-id/batch-05/adithya-kurniawan/final-project/house-booking-be/usecase/pickup.go:23.57,27.2 1 1
git.garena.com/sea-labs-id/batch-05/adithya-kurniawan/final-project/house-booking-be/usecase/pickup.go:29.76,31.2 1 1
git.garena.com/sea-labs-id/batch-05/adithya-kurniawan/final-project/house-booking-be/usecase/pickup.go:33.71,35.2 1 1
git.garena.com/sea-labs-id/batch-05/adithya-kurniawan/final-project/house-booking-be/usecase/pickup.go:37.90,39.2 1 1
git.garena.com/sea-labs-id/batch-05/adithya-kurniawan/final-project/house-booking-be/usecase/pickup.go:41.75,43.2 1 1
git.garena.com/sea-labs-id/batch-05/adithya-kurniawan/final-project/house-booking-be/handler/handler.go:23.32,32.2 1 1
git.garena.com/sea-labs-id/batch-05/adithya-kurniawan/final-project/house-booking-be/handler/house.go:15.52,17.21 2 0
git.garena.com/sea-labs-id/batch-05/adithya-kurniawan/final-project/house-booking-be/handler/house.go:21.2,22.16 2 0
git.garena.com/sea-labs-id/batch-05/adithya-kurniawan/final-project/house-booking-be/handler/house.go:31.2,31.40 1 0
git.garena.com/sea-labs-id/batch-05/adithya-kurniawan/final-project/house-booking-be/handler/house.go:17.21,20.3 2 0
git.garena.com/sea-labs-id/batch-05/adithya-kurniawan/final-project/house-booking-be/handler/house.go:22.16,23.45 1 0
git.garena.com/sea-labs-id/batch-05/adithya-kurniawan/final-project/house-booking-be/handler/house.go:27.3,28.9 2 0
git.garena.com/sea-labs-id/batch-05/adithya-kurniawan/final-project/house-booking-be/handler/house.go:23.45,26.4 2 0
git.garena.com/sea-labs-id/batch-05/adithya-kurniawan/final-project/house-booking-be/handler/house.go:34.51,36.16 2 0
git.garena.com/sea-labs-id/batch-05/adithya-kurniawan/final-project/house-booking-be/handler/house.go:41.2,41.40 1 0
git.garena.com/sea-labs-id/batch-05/adithya-kurniawan/final-project/house-booking-be/handler/house.go:36.16,39.3 2 0
git.garena.com/sea-labs-id/batch-05/adithya-kurniawan/final-project/house-booking-be/handler/house.go:44.57,47.19 3 1
git.garena.com/sea-labs-id/batch-05/adithya-kurniawan/final-project/house-booking-be/handler/house.go:51.2,53.20 3 1
git.garena.com/sea-labs-id/batch-05/adithya-kurniawan/final-project/house-booking-be/handler/house.go:57.2,58.22 2 1
git.garena.com/sea-labs-id/batch-05/adithya-kurniawan/final-project/house-booking-be/handler/house.go:62.2,63.18 2 1
git.garena.com/sea-labs-id/batch-05/adithya-kurniawan/final-project/house-booking-be/handler/house.go:67.2,68.29 2 1
git.garena.com/sea-labs-id/batch-05/adithya-kurniawan/final-project/house-booking-be/handler/house.go:72.2,73.30 2 1
git.garena.com/sea-labs-id/batch-05/adithya-kurniawan/final-project/house-booking-be/handler/house.go:77.2,78.30 2 1
git.garena.com/sea-labs-id/batch-05/adithya-kurniawan/final-project/house-booking-be/handler/house.go:82.2,101.17 6 1
git.garena.com/sea-labs-id/batch-05/adithya-kurniawan/final-project/house-booking-be/handler/house.go:106.2,110.44 3 1
git.garena.com/sea-labs-id/batch-05/adithya-kurniawan/final-project/house-booking-be/handler/house.go:47.19,49.3 1 0
git.garena.com/sea-labs-id/batch-05/adithya-kurniawan/final-project/house-booking-be/handler/house.go:53.20,55.3 1 0
git.garena.com/sea-labs-id/batch-05/adithya-kurniawan/final-project/house-booking-be/handler/house.go:58.22,60.3 1 1
git.garena.com/sea-labs-id/batch-05/adithya-kurniawan/final-project/house-booking-be/handler/house.go:63.18,65.3 1 1
git.garena.com/sea-labs-id/batch-05/adithya-kurniawan/final-project/house-booking-be/handler/house.go:68.29,70.3 1 1
git.garena.com/sea-labs-id/batch-05/adithya-kurniawan/final-project/house-booking-be/handler/house.go:73.30,75.3 1 1
git.garena.com/sea-labs-id/batch-05/adithya-kurniawan/final-project/house-booking-be/handler/house.go:78.30,80.3 1 1
git.garena.com/sea-labs-id/batch-05/adithya-kurniawan/final-project/house-booking-be/handler/house.go:101.17,104.3 2 1
git.garena.com/sea-labs-id/batch-05/adithya-kurniawan/final-project/house-booking-be/handler/house.go:113.54,118.22 4 0
git.garena.com/sea-labs-id/batch-05/adithya-kurniawan/final-project/house-booking-be/handler/house.go:122.2,123.18 2 0
git.garena.com/sea-labs-id/batch-05/adithya-kurniawan/final-project/house-booking-be/handler/house.go:127.2,128.29 2 0
git.garena.com/sea-labs-id/batch-05/adithya-kurniawan/final-project/house-booking-be/handler/house.go:132.2,133.30 2 0
git.garena.com/sea-labs-id/batch-05/adithya-kurniawan/final-project/house-booking-be/handler/house.go:137.2,138.30 2 0
git.garena.com/sea-labs-id/batch-05/adithya-kurniawan/final-project/house-booking-be/handler/house.go:142.2,159.16 6 0
git.garena.com/sea-labs-id/batch-05/adithya-kurniawan/final-project/house-booking-be/handler/house.go:164.2,168.44 3 0
git.garena.com/sea-labs-id/batch-05/adithya-kurniawan/final-project/house-booking-be/handler/house.go:118.22,120.3 1 0
git.garena.com/sea-labs-id/batch-05/adithya-kurniawan/final-project/house-booking-be/handler/house.go:123.18,125.3 1 0
git.garena.com/sea-labs-id/batch-05/adithya-kurniawan/final-project/house-booking-be/handler/house.go:128.29,130.3 1 0
git.garena.com/sea-labs-id/batch-05/adithya-kurniawan/final-project/house-booking-be/handler/house.go:133.30,135.3 1 0
git.garena.com/sea-labs-id/batch-05/adithya-kurniawan/final-project/house-booking-be/handler/house.go:138.30,140.3 1 0
git.garena.com/sea-labs-id/batch-05/adithya-kurniawan/final-project/house-booking-be/handler/house.go:159.16,162.3 2 0
git.garena.com/sea-labs-id/batch-05/adithya-kurniawan/final-project/house-booking-be/handler/house.go:171.48,177.16 5 0
git.garena.com/sea-labs-id/batch-05/adithya-kurniawan/final-project/house-booking-be/handler/house.go:182.2,185.17 4 0
git.garena.com/sea-labs-id/batch-05/adithya-kurniawan/final-project/house-booking-be/handler/house.go:190.2,190.45 1 0
git.garena.com/sea-labs-id/batch-05/adithya-kurniawan/final-project/house-booking-be/handler/house.go:177.16,180.3 2 0
git.garena.com/sea-labs-id/batch-05/adithya-kurniawan/final-project/house-booking-be/handler/house.go:185.17,188.3 2 0
git.garena.com/sea-labs-id/batch-05/adithya-kurniawan/final-project/house-booking-be/handler/house.go:193.51,198.21 4 0
git.garena.com/sea-labs-id/batch-05/adithya-kurniawan/final-project/house-booking-be/handler/house.go:202.2,204.16 3 0
git.garena.com/sea-labs-id/batch-05/adithya-kurniawan/final-project/house-booking-be/handler/house.go:209.2,213.17 5 0
git.garena.com/sea-labs-id/batch-05/adithya-kurniawan/final-project/house-booking-be/handler/house.go:218.2,218.40 1 0
git.garena.com/sea-labs-id/batch-05/adithya-kurniawan/final-project/house-booking-be/handler/house.go:198.21,200.3 1 0
git.garena.com/sea-labs-id/batch-05/adithya-kurniawan/final-project/house-booking-be/handler/house.go:204.16,207.3 2 0
git.garena.com/sea-labs-id/batch-05/adithya-kurniawan/final-project/house-booking-be/handler/house.go:213.17,216.3 2 0
git.garena.com/sea-labs-id/batch-05/adithya-kurniawan/final-project/house-booking-be/handler/house.go:221.51,223.21 2 0
git.garena.com/sea-labs-id/batch-05/adithya-kurniawan/final-project/house-booking-be/handler/house.go:228.2,232.16 4 0
git.garena.com/sea-labs-id/batch-05/adithya-kurniawan/final-project/house-booking-be/handler/house.go:237.2,237.40 1 0
git.garena.com/sea-labs-id/batch-05/adithya-kurniawan/final-project/house-booking-be/handler/house.go:223.21,226.3 2 0
git.garena.com/sea-labs-id/batch-05/adithya-kurniawan/final-project/house-booking-be/handler/house.go:232.16,235.3 2 0
git.garena.com/sea-labs-id/batch-05/adithya-kurniawan/final-project/house-booking-be/handler/house.go:240.54,242.2 0 0
git.garena.com/sea-labs-id/batch-05/adithya-kurniawan/final-project/house-booking-be/handler/pickup.go:11.48,14.16 3 0
git.garena.com/sea-labs-id/batch-05/adithya-kurniawan/final-project/house-booking-be/handler/pickup.go:19.2,21.17 3 0
git.garena.com/sea-labs-id/batch-05/adithya-kurniawan/final-project/house-booking-be/handler/pickup.go:30.2,30.45 1 0
git.garena.com/sea-labs-id/batch-05/adithya-kurniawan/final-project/house-booking-be/handler/pickup.go:14.16,17.3 2 0
git.garena.com/sea-labs-id/batch-05/adithya-kurniawan/final-project/house-booking-be/handler/pickup.go:21.17,22.35 1 0
git.garena.com/sea-labs-id/batch-05/adithya-kurniawan/final-project/house-booking-be/handler/pickup.go:26.3,27.9 2 0
git.garena.com/sea-labs-id/batch-05/adithya-kurniawan/final-project/house-booking-be/handler/pickup.go:22.35,25.4 2 0
git.garena.com/sea-labs-id/batch-05/adithya-kurniawan/final-project/house-booking-be/handler/admin.go:10.47,13.16 3 0
git.garena.com/sea-labs-id/batch-05/adithya-kurniawan/final-project/house-booking-be/handler/admin.go:18.2,20.17 3 0
git.garena.com/sea-labs-id/batch-05/adithya-kurniawan/final-project/house-booking-be/handler/admin.go:25.2,25.40 1 0
git.garena.com/sea-labs-id/batch-05/adithya-kurniawan/final-project/house-booking-be/handler/admin.go:13.16,16.3 2 0
git.garena.com/sea-labs-id/batch-05/adithya-kurniawan/final-project/house-booking-be/handler/admin.go:20.17,23.3 2 0
git.garena.com/sea-labs-id/batch-05/adithya-kurniawan/final-project/house-booking-be/handler/admin.go:28.47,31.16 3 0
git.garena.com/sea-labs-id/batch-05/adithya-kurniawan/final-project/house-booking-be/handler/admin.go:36.2,38.17 3 0
git.garena.com/sea-labs-id/batch-05/adithya-kurniawan/final-project/house-booking-be/handler/admin.go:43.2,43.45 1 0
git.garena.com/sea-labs-id/batch-05/adithya-kurniawan/final-project/house-booking-be/handler/admin.go:31.16,34.3 2 0
git.garena.com/sea-labs-id/batch-05/adithya-kurniawan/final-project/house-booking-be/handler/admin.go:38.17,41.3 2 0
git.garena.com/sea-labs-id/batch-05/adithya-kurniawan/final-project/house-booking-be/handler/reservation.go:13.54,16.16 3 1
git.garena.com/sea-labs-id/batch-05/adithya-kurniawan/final-project/house-booking-be/handler/reservation.go:21.2,28.17 6 1
git.garena.com/sea-labs-id/batch-05/adithya-kurniawan/final-project/house-booking-be/handler/reservation.go:38.2,38.45 1 1
git.garena.com/sea-labs-id/batch-05/adithya-kurniawan/final-project/house-booking-be/handler/reservation.go:16.16,19.3 2 1
git.garena.com/sea-labs-id/batch-05/adithya-kurniawan/final-project/house-booking-be/handler/reservation.go:28.17,29.37 1 1
git.garena.com/sea-labs-id/batch-05/adithya-kurniawan/final-project/house-booking-be/handler/reservation.go:34.3,35.9 2 1
git.garena.com/sea-labs-id/batch-05/adithya-kurniawan/final-project/house-booking-be/handler/reservation.go:29.37,32.4 2 1
git.garena.com/sea-labs-id/batch-05/adithya-kurniawan/final-project/house-booking-be/handler/reservation.go:41.58,43.21 2 1
git.garena.com/sea-labs-id/batch-05/adithya-kurniawan/final-project/house-booking-be/handler/reservation.go:48.2,49.16 2 1
git.garena.com/sea-labs-id/batch-05/adithya-kurniawan/final-project/house-booking-be/handler/reservation.go:58.2,58.40 1 1
git.garena.com/sea-labs-id/batch-05/adithya-kurniawan/final-project/house-booking-be/handler/reservation.go:43.21,46.3 2 1
git.garena.com/sea-labs-id/batch-05/adithya-kurniawan/final-project/house-booking-be/handler/reservation.go:49.16,50.36 1 1
git.garena.com/sea-labs-id/batch-05/adithya-kurniawan/final-project/house-booking-be/handler/reservation.go:54.3,55.9 2 1
git.garena.com/sea-labs-id/batch-05/adithya-kurniawan/final-project/house-booking-be/handler/reservation.go:50.36,53.4 2 1
git.garena.com/sea-labs-id/batch-05/adithya-kurniawan/final-project/house-booking-be/handler/reservation.go:61.62,66.29 4 1
git.garena.com/sea-labs-id/batch-05/adithya-kurniawan/final-project/house-booking-be/handler/reservation.go:70.2,71.30 2 1
git.garena.com/sea-labs-id/batch-05/adithya-kurniawan/final-project/house-booking-be/handler/reservation.go:75.2,81.16 3 1
git.garena.com/sea-labs-id/batch-05/adithya-kurniawan/final-project/house-booking-be/handler/reservation.go:86.2,89.44 3 1
git.garena.com/sea-labs-id/batch-05/adithya-kurniawan/final-project/house-booking-be/handler/reservation.go:66.29,68.3 1 1
git.garena.com/sea-labs-id/batch-05/adithya-kurniawan/final-project/house-booking-be/handler/reservation.go:71.30,73.3 1 1
git.garena.com/sea-labs-id/batch-05/adithya-kurniawan/final-project/house-booking-be/handler/reservation.go:81.16,84.3 2 1
git.garena.com/sea-labs-id/batch-05/adithya-kurniawan/final-project/house-booking-be/handler/response.go:13.55,19.2 1 1
git.garena.com/sea-labs-id/batch-05/adithya-kurniawan/final-project/house-booking-be/handler/transaction.go:12.45,18.16 5 1
git.garena.com/sea-labs-id/batch-05/adithya-kurniawan/final-project/house-booking-be/handler/transaction.go:23.2,25.17 3 1
git.garena.com/sea-labs-id/batch-05/adithya-kurniawan/final-project/house-booking-be/handler/transaction.go:30.2,30.40 1 1
git.garena.com/sea-labs-id/batch-05/adithya-kurniawan/final-project/house-booking-be/handler/transaction.go:18.16,21.3 2 1
git.garena.com/sea-labs-id/batch-05/adithya-kurniawan/final-project/house-booking-be/handler/transaction.go:25.17,28.3 2 1
git.garena.com/sea-labs-id/batch-05/adithya-kurniawan/final-project/house-booking-be/handler/transaction.go:33.54,38.29 4 1
git.garena.com/sea-labs-id/batch-05/adithya-kurniawan/final-project/house-booking-be/handler/transaction.go:42.2,43.30 2 1
git.garena.com/sea-labs-id/batch-05/adithya-kurniawan/final-project/house-booking-be/handler/transaction.go:47.2,53.16 3 1
git.garena.com/sea-labs-id/batch-05/adithya-kurniawan/final-project/house-booking-be/handler/transaction.go:58.2,61.44 3 1
git.garena.com/sea-labs-id/batch-05/adithya-kurniawan/final-project/house-booking-be/handler/transaction.go:38.29,40.3 1 1
git.garena.com/sea-labs-id/batch-05/adithya-kurniawan/final-project/house-booking-be/handler/transaction.go:43.30,45.3 1 1
git.garena.com/sea-labs-id/batch-05/adithya-kurniawan/final-project/house-booking-be/handler/transaction.go:53.16,56.3 2 1
git.garena.com/sea-labs-id/batch-05/adithya-kurniawan/final-project/house-booking-be/handler/user.go:16.48,20.17 3 1
git.garena.com/sea-labs-id/batch-05/adithya-kurniawan/final-project/house-booking-be/handler/user.go:25.2,29.33 4 1
git.garena.com/sea-labs-id/batch-05/adithya-kurniawan/final-project/house-booking-be/handler/user.go:32.2,33.18 2 1
git.garena.com/sea-labs-id/batch-05/adithya-kurniawan/final-project/house-booking-be/handler/user.go:42.2,42.46 1 1
git.garena.com/sea-labs-id/batch-05/adithya-kurniawan/final-project/house-booking-be/handler/user.go:20.17,23.3 2 1
git.garena.com/sea-labs-id/batch-05/adithya-kurniawan/final-project/house-booking-be/handler/user.go:29.33,31.3 1 1
git.garena.com/sea-labs-id/batch-05/adithya-kurniawan/final-project/house-booking-be/handler/user.go:33.18,34.45 1 1
git.garena.com/sea-labs-id/batch-05/adithya-kurniawan/final-project/house-booking-be/handler/user.go:38.3,39.9 2 1
git.garena.com/sea-labs-id/batch-05/adithya-kurniawan/final-project/house-booking-be/handler/user.go:34.45,37.4 2 1
git.garena.com/sea-labs-id/batch-05/adithya-kurniawan/final-project/house-booking-be/handler/user.go:45.45,49.17 3 1
git.garena.com/sea-labs-id/batch-05/adithya-kurniawan/final-project/house-booking-be/handler/user.go:54.2,56.18 3 1
git.garena.com/sea-labs-id/batch-05/adithya-kurniawan/final-project/house-booking-be/handler/user.go:65.2,65.40 1 1
git.garena.com/sea-labs-id/batch-05/adithya-kurniawan/final-project/house-booking-be/handler/user.go:49.17,52.3 2 1
git.garena.com/sea-labs-id/batch-05/adithya-kurniawan/final-project/house-booking-be/handler/user.go:56.18,57.50 1 1
git.garena.com/sea-labs-id/batch-05/adithya-kurniawan/final-project/house-booking-be/handler/user.go:61.3,62.9 2 1
git.garena.com/sea-labs-id/batch-05/adithya-kurniawan/final-project/house-booking-be/handler/user.go:57.50,60.4 2 1
git.garena.com/sea-labs-id/batch-05/adithya-kurniawan/final-project/house-booking-be/handler/user.go:68.46,72.17 3 1
git.garena.com/sea-labs-id/batch-05/adithya-kurniawan/final-project/house-booking-be/handler/user.go:77.2,77.44 1 1
git.garena.com/sea-labs-id/batch-05/adithya-kurniawan/final-project/house-booking-be/handler/user.go:72.17,75.3 2 1
git.garena.com/sea-labs-id/batch-05/adithya-kurniawan/final-project/house-booking-be/handler/user.go:80.47,83.21 3 1
git.garena.com/sea-labs-id/batch-05/adithya-kurniawan/final-project/house-booking-be/handler/user.go:88.2,92.16 4 1
git.garena.com/sea-labs-id/batch-05/adithya-kurniawan/final-project/house-booking-be/handler/user.go:97.2,97.40 1 1
git.garena.com/sea-labs-id/batch-05/adithya-kurniawan/final-project/house-booking-be/handler/user.go:83.21,86.3 2 1
git.garena.com/sea-labs-id/batch-05/adithya-kurniawan/final-project/house-booking-be/handler/user.go:92.16,95.3 2 1
git.garena.com/sea-labs-id/batch-05/adithya-kurniawan/final-project/house-booking-be/handler/user.go:100.46,103.21 3 1
git.garena.com/sea-labs-id/batch-05/adithya-kurniawan/final-project/house-booking-be/handler/user.go:108.2,112.17 5 1
git.garena.com/sea-labs-id/batch-05/adithya-kurniawan/final-project/house-booking-be/handler/user.go:117.2,118.32 2 1
git.garena.com/sea-labs-id/batch-05/adithya-kurniawan/final-project/house-booking-be/handler/user.go:123.2,127.18 4 1
git.garena.com/sea-labs-id/batch-05/adithya-kurniawan/final-project/house-booking-be/handler/user.go:132.2,134.43 2 1
git.garena.com/sea-labs-id/batch-05/adithya-kurniawan/final-project/house-booking-be/handler/user.go:103.21,106.3 2 1
git.garena.com/sea-labs-id/batch-05/adithya-kurniawan/final-project/house-booking-be/handler/user.go:112.17,115.3 2 0
git.garena.com/sea-labs-id/batch-05/adithya-kurniawan/final-project/house-booking-be/handler/user.go:118.32,121.3 2 1
git.garena.com/sea-labs-id/batch-05/adithya-kurniawan/final-project/house-booking-be/handler/user.go:127.18,130.3 2 1
git.garena.com/sea-labs-id/batch-05/adithya-kurniawan/final-project/house-booking-be/handler/user.go:137.50,140.21 3 1
git.garena.com/sea-labs-id/batch-05/adithya-kurniawan/final-project/house-booking-be/handler/user.go:145.2,149.16 4 1
git.garena.com/sea-labs-id/batch-05/adithya-kurniawan/final-project/house-booking-be/handler/user.go:154.2,154.44 1 1
git.garena.com/sea-labs-id/batch-05/adithya-kurniawan/final-project/house-booking-be/handler/user.go:140.21,143.3 2 1
git.garena.com/sea-labs-id/batch-05/adithya-kurniawan/final-project/house-booking-be/handler/user.go:149.16,152.3 2 1
git.garena.com/sea-labs-id/batch-05/adithya-kurniawan/final-project/house-booking-be/handler/error.go:17.42,23.2 1 1
git.garena.com/sea-labs-id/batch-05/adithya-kurniawan/final-project/house-booking-be/handler/error.go:25.62,31.2 1 1
