mode: set
git.garena.com/sea-labs-id/batch-05/adithya-kurniawan/final-project/house-booking-be/usecase/house.go:29.54,33.2 1 1
git.garena.com/sea-labs-id/batch-05/adithya-kurniawan/final-project/house-booking-be/usecase/house.go:35.73,37.2 1 1
git.garena.com/sea-labs-id/batch-05/adithya-kurniawan/final-project/house-booking-be/usecase/house.go:39.66,41.2 1 1
git.garena.com/sea-labs-id/batch-05/adithya-kurniawan/final-project/house-booking-be/usecase/house.go:43.133,45.2 1 1
git.garena.com/sea-labs-id/batch-05/adithya-kurniawan/final-project/house-booking-be/usecase/house.go:47.135,49.2 1 1
git.garena.com/sea-labs-id/batch-05/adithya-kurniawan/final-project/house-booking-be/usecase/house.go:51.113,53.2 1 1
git.garena.com/sea-labs-id/batch-05/adithya-kurniawan/final-project/house-booking-be/usecase/house.go:55.93,57.2 1 1
git.garena.com/sea-labs-id/batch-05/adithya-kurniawan/final-project/house-booking-be/usecase/house.go:59.86,61.2 1 1
git.garena.com/sea-labs-id/batch-05/adithya-kurniawan/final-project/house-booking-be/usecase/pickup.go:23.57,27.2 1 1
git.garena.com/sea-labs-id/batch-05/adithya-kurniawan/final-project/house-booking-be/usecase/pickup.go:29.76,31.2 1 1
git.garena.com/sea-labs-id/batch-05/adithya-kurniawan/final-project/house-booking-be/usecase/pickup.go:33.71,35.2 1 1
git.garena.com/sea-labs-id/batch-05/adithya-kurniawan/final-project/house-booking-be/usecase/pickup.go:37.90,39.2 1 1
git.garena.com/sea-labs-id/batch-05/adithya-kurniawan/final-project/house-booking-be/usecase/pickup.go:41.75,43.2 1 1
git.garena.com/sea-labs-id/batch-05/adithya-kurniawan/final-project/house-booking-be/usecase/reservation.go:23.72,27.2 1 1
git.garena.com/sea-labs-id/batch-05/adithya-kurniawan/final-project/house-booking-be/usecase/reservation.go:29.103,31.2 1 1
git.garena.com/sea-labs-id/batch-05/adithya-kurniawan/final-project/house-booking-be/usecase/reservation.go:33.134,35.2 1 1
git.garena.com/sea-labs-id/batch-05/adithya-kurniawan/final-project/house-booking-be/usecase/reservation.go:37.91,39.2 1 1
git.garena.com/sea-labs-id/batch-05/adithya-kurniawan/final-project/house-booking-be/usecase/transaction.go:22.72,26.2 1 1
git.garena.com/sea-labs-id/batch-05/adithya-kurniawan/final-project/house-booking-be/usecase/transaction.go:28.132,30.2 1 0
git.garena.com/sea-labs-id/batch-05/adithya-kurniawan/final-project/house-booking-be/usecase/transaction.go:32.104,34.2 1 1
git.garena.com/sea-labs-id/batch-05/adithya-kurniawan/final-project/house-booking-be/usecase/user.go:29.51,33.2 1 1
git.garena.com/sea-labs-id/batch-05/adithya-kurniawan/final-project/house-booking-be/usecase/user.go:35.84,38.17 2 1
git.garena.com/sea-labs-id/batch-05/adithya-kurniawan/final-project/house-booking-be/usecase/user.go:42.2,43.14 2 1
git.garena.com/sea-labs-id/batch-05/adithya-kurniawan/final-project/house-booking-be/usecase/user.go:48.2,48.39 1 1
git.garena.com/sea-labs-id/batch-05/adithya-kurniawan/final-project/house-booking-be/usecase/user.go:38.17,40.3 1 1
git.garena.com/sea-labs-id/batch-05/adithya-kurniawan/final-project/house-booking-be/usecase/user.go:43.14,46.3 2 1
git.garena.com/sea-labs-id/batch-05/adithya-kurniawan/final-project/house-booking-be/usecase/user.go:51.75,58.17 4 1
git.garena.com/sea-labs-id/batch-05/adithya-kurniawan/final-project/house-booking-be/usecase/user.go:62.2,62.20 1 1
git.garena.com/sea-labs-id/batch-05/adithya-kurniawan/final-project/house-booking-be/usecase/user.go:58.17,60.3 1 1
git.garena.com/sea-labs-id/batch-05/adithya-kurniawan/final-project/house-booking-be/usecase/user.go:65.55,67.2 1 1
git.garena.com/sea-labs-id/batch-05/adithya-kurniawan/final-project/house-booking-be/usecase/user.go:69.75,72.17 2 1
git.garena.com/sea-labs-id/batch-05/adithya-kurniawan/final-project/house-booking-be/usecase/user.go:76.2,76.20 1 1
git.garena.com/sea-labs-id/batch-05/adithya-kurniawan/final-project/house-booking-be/usecase/user.go:72.17,74.3 1 1
git.garena.com/sea-labs-id/batch-05/adithya-kurniawan/final-project/house-booking-be/usecase/user.go:79.75,81.2 1 1
git.garena.com/sea-labs-id/batch-05/adithya-kurniawan/final-project/house-booking-be/usecase/user.go:83.58,85.2 1 1
git.garena.com/sea-labs-id/batch-05/adithya-kurniawan/final-project/house-booking-be/usecase/user.go:87.53,89.2 1 1
git.garena.com/sea-labs-id/batch-05/adithya-kurniawan/final-project/house-booking-be/usecase/admin.go:24.54,28.2 1 1
git.garena.com/sea-labs-id/batch-05/adithya-kurniawan/final-project/house-booking-be/usecase/admin.go:30.87,32.16 2 1
git.garena.com/sea-labs-id/batch-05/adithya-kurniawan/final-project/house-booking-be/usecase/admin.go:36.2,37.13 2 1
git.garena.com/sea-labs-id/batch-05/adithya-kurniawan/final-project/house-booking-be/usecase/admin.go:47.2,47.39 1 1
git.garena.com/sea-labs-id/batch-05/adithya-kurniawan/final-project/house-booking-be/usecase/admin.go:32.16,34.3 1 1
git.garena.com/sea-labs-id/batch-05/adithya-kurniawan/final-project/house-booking-be/usecase/admin.go:37.13,45.3 3 1
git.garena.com/sea-labs-id/batch-05/adithya-kurniawan/final-project/house-booking-be/usecase/admin.go:50.79,56.16 4 1
git.garena.com/sea-labs-id/batch-05/adithya-kurniawan/final-project/house-booking-be/usecase/admin.go:60.2,60.20 1 1
git.garena.com/sea-labs-id/batch-05/adithya-kurniawan/final-project/house-booking-be/usecase/admin.go:56.16,58.3 1 1
